 
****************************************
Report : area
Design : JAM
Version: P-2019.03
Date   : Wed Mar 30 16:55:12 2022
****************************************

Library(s) Used:

    slow (File: /home/univtrain/Desktop/CBDK_IC_Contest_v2.5/SynopsysDC/db/slow.db)

Number of ports:                           94
Number of nets:                           962
Number of cells:                          863
Number of combinational cells:            767
Number of sequential cells:                93
Number of macros/black boxes:               0
Number of buf/inv:                        145
Number of references:                      99

Combinational area:               7027.235919
Buf/Inv area:                      887.740194
Noncombinational area:            2571.561026
Macro/Black Box area:                0.000000
Net Interconnect area:          117180.590302

Total cell area:                  9598.796944
Total area:                     126779.387246
1
